<?xml version="1.0" encoding="UTF-8"?>
<testng-results total="2" passed="2" failed="0" skipped="0">
  <reporter-output>
  </reporter-output>
  <suite started-at="2025-03-19T01:13:21Z" name="Surefire suite" finished-at="2025-03-19T01:13:27Z" duration-ms="5395">
    <groups>
    </groups>
    <test started-at="2025-03-19T01:13:21Z" name="Surefire test" finished-at="2025-03-19T01:13:27Z" duration-ms="5395">
      <class name="test.com.itexps.WorkFlowTest">
        <test-method is-config="true" signature="setUpClass()[pri:0, instance:test.com.itexps.WorkFlowTest@517cd4b]" started-at="2025-03-18T20:13:21Z" name="setUpClass" finished-at="2025-03-18T20:13:22Z" duration-ms="1199" status="PASS">
          <reporter-output>
          </reporter-output>
        </test-method> <!-- setUpClass -->
        <test-method is-config="true" signature="setUpMethod()[pri:0, instance:test.com.itexps.WorkFlowTest@517cd4b]" started-at="2025-03-18T20:13:22Z" name="setUpMethod" finished-at="2025-03-18T20:13:22Z" duration-ms="2" status="PASS">
          <reporter-output>
          </reporter-output>
        </test-method> <!-- setUpMethod -->
        <test-method signature="testLogin()[pri:0, instance:test.com.itexps.WorkFlowTest@517cd4b]" started-at="2025-03-18T20:13:22Z" name="testLogin" finished-at="2025-03-18T20:13:26Z" duration-ms="3542" status="PASS">
          <reporter-output>
          </reporter-output>
        </test-method> <!-- testLogin -->
        <test-method is-config="true" signature="tearDownMethod()[pri:0, instance:test.com.itexps.WorkFlowTest@517cd4b]" started-at="2025-03-18T20:13:26Z" name="tearDownMethod" finished-at="2025-03-18T20:13:26Z" duration-ms="1" status="PASS">
          <reporter-output>
          </reporter-output>
        </test-method> <!-- tearDownMethod -->
        <test-method is-config="true" signature="setUpMethod()[pri:0, instance:test.com.itexps.WorkFlowTest@517cd4b]" started-at="2025-03-18T20:13:26Z" name="setUpMethod" finished-at="2025-03-18T20:13:26Z" duration-ms="0" status="PASS">
          <reporter-output>
          </reporter-output>
        </test-method> <!-- setUpMethod -->
        <test-method signature="testLoginout()[pri:0, instance:test.com.itexps.WorkFlowTest@517cd4b]" started-at="2025-03-18T20:13:26Z" name="testLoginout" finished-at="2025-03-18T20:13:26Z" duration-ms="475" status="PASS">
          <reporter-output>
          </reporter-output>
        </test-method> <!-- testLoginout -->
        <test-method is-config="true" signature="tearDownClass()[pri:0, instance:test.com.itexps.WorkFlowTest@517cd4b]" started-at="2025-03-18T20:13:26Z" name="tearDownClass" finished-at="2025-03-18T20:13:27Z" duration-ms="167" status="PASS">
          <reporter-output>
          </reporter-output>
        </test-method> <!-- tearDownClass -->
        <test-method is-config="true" signature="tearDownMethod()[pri:0, instance:test.com.itexps.WorkFlowTest@517cd4b]" started-at="2025-03-18T20:13:26Z" name="tearDownMethod" finished-at="2025-03-18T20:13:26Z" duration-ms="0" status="PASS">
          <reporter-output>
          </reporter-output>
        </test-method> <!-- tearDownMethod -->
      </class> <!-- test.com.itexps.WorkFlowTest -->
    </test> <!-- Surefire test -->
  </suite> <!-- Surefire suite -->
</testng-results>
